<?xml version="1.0" encoding="UTF-8"?>
<!-- Generated by org.testng.reporters.JUnitReportReporter -->
<testsuite skipped="0" hostname="DESKTOP-3EF27H6" name="org.example.testRunner.testRunner" tests="19" failures="2" timestamp="2022-11-07T03:42:44 EET" time="139.551" errors="1">
  <testcase name="runScenario" time="7.128" classname="org.example.testRunner.testRunner"/>
  <system-out/>
  <testcase name="runScenario" time="7.931" classname="org.example.testRunner.testRunner"/>
  <system-out/>
  <testcase name="runScenario" time="7.341" classname="org.example.testRunner.testRunner"/>
  <system-out/>
  <testcase name="runScenario" time="7.649" classname="org.example.testRunner.testRunner"/>
  <system-out/>
  <testcase name="runScenario" time="6.751" classname="org.example.testRunner.testRunner"/>
  <system-out/>
  <testcase name="runScenario" time="8.255" classname="org.example.testRunner.testRunner"/>
  <system-out/>
  <testcase name="runScenario" time="5.768" classname="org.example.testRunner.testRunner">
    <error type="java.lang.IndexOutOfBoundsException" message="Index: 1, Size: 1">
      <![CDATA[java.lang.IndexOutOfBoundsException: Index: 1, Size: 1
at java.util.ArrayList.rangeCheck(ArrayList.java:659)
at java.util.ArrayList.get(ArrayList.java:435)
at org.example.stepDefinitions.D07_followUsStepDef.isOpenedInNewTab(D07_followUsStepDef.java:27)
at ✽."https://demo.nopcommerce.com/new-online-store-is-open" is opened in new tab(file:///D:/demonopcommerce/src/main/resources/features/F07_followUs.feature:11)
]]>
    </error>
  </testcase> <!-- runScenario -->
  <system-out/>
  <testcase name="runScenario" time="7.110" classname="org.example.testRunner.testRunner"/>
  <system-out/>
  <testcase name="runScenario" time="6.647" classname="org.example.testRunner.testRunner"/>
  <system-out/>
  <testcase name="runScenario" time="5.832" classname="org.example.testRunner.testRunner">
    <failure type="java.lang.AssertionError" message="expected [https://demo.nopcommerce.com/nokia-lumia-1020] but found [https://demo.nopcommerce.com/]">
      <![CDATA[java.lang.AssertionError: expected [https://demo.nopcommerce.com/nokia-lumia-1020] but found [https://demo.nopcommerce.com/]
at org.testng.Assert.fail(Assert.java:110)
at org.testng.Assert.failNotEquals(Assert.java:1413)
at org.testng.Assert.assertEqualsImpl(Assert.java:149)
at org.testng.Assert.assertEquals(Assert.java:131)
at org.testng.Assert.assertEquals(Assert.java:655)
at org.testng.Assert.assertEquals(Assert.java:665)
at org.example.stepDefinitions.D06_homeSlidersStepDef.userIsRedirectedToFirstSliderPage(D06_homeSlidersStepDef.java:20)
at ✽.user is redirected to nokia slider page(file:///D:/demonopcommerce/src/main/resources/features/F06_homeSliders.feature:6)
]]>
    </failure>
  </testcase> <!-- runScenario -->
  <system-out/>
  <testcase name="runScenario" time="8.890" classname="org.example.testRunner.testRunner">
    <failure type="java.lang.AssertionError" message="expected [https://demo.nopcommerce.com/iphone-6] but found [https://demo.nopcommerce.com/]">
      <![CDATA[java.lang.AssertionError: expected [https://demo.nopcommerce.com/iphone-6] but found [https://demo.nopcommerce.com/]
at org.testng.Assert.fail(Assert.java:110)
at org.testng.Assert.failNotEquals(Assert.java:1413)
at org.testng.Assert.assertEqualsImpl(Assert.java:149)
at org.testng.Assert.assertEquals(Assert.java:131)
at org.testng.Assert.assertEquals(Assert.java:655)
at org.testng.Assert.assertEquals(Assert.java:665)
at org.example.stepDefinitions.D06_homeSlidersStepDef.userIsRedirectedToSecondSliderPage(D06_homeSlidersStepDef.java:31)
at ✽.user is redirected to iphone slider page(file:///D:/demonopcommerce/src/main/resources/features/F06_homeSliders.feature:10)
]]>
    </failure>
  </testcase> <!-- runScenario -->
  <system-out/>
  <testcase name="runScenario" time="9.320" classname="org.example.testRunner.testRunner"/>
  <system-out/>
  <testcase name="runScenario" time="8.010" classname="org.example.testRunner.testRunner"/>
  <system-out/>
  <testcase name="runScenario" time="10.542" classname="org.example.testRunner.testRunner"/>
  <system-out/>
  <testcase name="runScenario" time="6.437" classname="org.example.testRunner.testRunner"/>
  <system-out/>
  <testcase name="runScenario" time="6.957" classname="org.example.testRunner.testRunner"/>
  <system-out/>
  <testcase name="runScenario" time="6.631" classname="org.example.testRunner.testRunner"/>
  <system-out/>
  <testcase name="runScenario" time="6.462" classname="org.example.testRunner.testRunner"/>
  <system-out/>
  <testcase name="runScenario" time="5.890" classname="org.example.testRunner.testRunner"/>
  <system-out/>
</testsuite> <!-- org.example.testRunner.testRunner -->
